<?xml version="1.0" encoding="UTF-8"?>
<!-- Generated by org.testng.reporters.JUnitReportReporter -->
<testsuite hostname="a-09cb71e408014" name="testscript.DriverScript" tests="1" failures="0" timestamp="30 Apr 2012 11:11:56 GMT" time="6636.687" errors="0">
  <testcase name="testApp" time="6636.687" classname="testscript.DriverScript"/>
</testsuite>
